<?xml version="1.0" encoding="UTF-8"?>
<!-- Generated by org.testng.reporters.JUnitReportReporter -->
<testsuite skipped="0" hostname="LAPTOP-SA0AA08S" name="canvasStudio.DrawALine" tests="1" failures="0" timestamp="28 Oct 2022 07:39:00 GMT" time="13.339" errors="0">
  <testcase name="practice" time="13.339" classname="canvasStudio.DrawALine"/>
</testsuite> <!-- canvasStudio.DrawALine -->
