<?xml version="1.0" encoding="UTF-8"?>
<!-- Generated by org.testng.reporters.JUnitReportReporter -->
<testsuite skipped="0" hostname="LAPTOP-SA0AA08S" name="canvasStudio.Assesment1" tests="1" failures="0" timestamp="28 Oct 2022 08:58:11 GMT" time="33.051" errors="0">
  <testcase name="practice" time="33.051" classname="canvasStudio.Assesment1"/>
</testsuite> <!-- canvasStudio.Assesment1 -->
